{
  "RSpec": {
    "coverage": {
      "/mnt/c/Users/Chris`/Desktop Dickhead/Spring_2018_Colgate/Soft_Engi/5/cosc480-hw5-cmking54/app/helpers/application_helper.rb": [
        1,
        null
      ],
      "/mnt/c/Users/Chris`/Desktop Dickhead/Spring_2018_Colgate/Soft_Engi/5/cosc480-hw5-cmking54/app/models/rental_property.rb": [
        1,
        1,
        null,
        1,
        1,
        null,
        1,
        13,
        13,
        null,
        null,
        null,
        null,
        null,
        null,
        null,
        13,
        17,
        17,
        14,
        null,
        null,
        13,
        null,
        null,
        1,
        2,
        1,
        null,
        null
      ],
      "/mnt/c/Users/Chris`/Desktop Dickhead/Spring_2018_Colgate/Soft_Engi/5/cosc480-hw5-cmking54/app/models/application_record.rb": [
        1,
        1,
        null
      ],
      "/mnt/c/Users/Chris`/Desktop Dickhead/Spring_2018_Colgate/Soft_Engi/5/cosc480-hw5-cmking54/app/channels/application_cable/channel.rb": [
        0,
        0,
        0,
        0
      ],
      "/mnt/c/Users/Chris`/Desktop Dickhead/Spring_2018_Colgate/Soft_Engi/5/cosc480-hw5-cmking54/app/channels/application_cable/connection.rb": [
        0,
        0,
        0,
        0
      ],
      "/mnt/c/Users/Chris`/Desktop Dickhead/Spring_2018_Colgate/Soft_Engi/5/cosc480-hw5-cmking54/app/controllers/application_controller.rb": [
        0,
        0,
        0
      ],
      "/mnt/c/Users/Chris`/Desktop Dickhead/Spring_2018_Colgate/Soft_Engi/5/cosc480-hw5-cmking54/app/controllers/rental_properties_controller.rb": [
        0,
        0,
        null,
        0,
        0,
        0,
        0,
        0,
        0,
        null,
        0,
        null,
        null,
        0,
        0,
        0,
        0,
        0,
        0,
        0,
        null,
        0,
        0,
        0,
        0,
        null,
        0,
        0,
        0,
        null,
        0,
        0,
        0,
        0,
        0,
        0,
        0,
        0,
        0,
        0,
        0,
        0,
        0,
        0,
        0,
        0,
        0,
        null,
        0,
        0,
        0,
        0,
        null,
        0,
        0,
        0,
        0,
        0,
        0,
        0,
        0,
        0,
        0,
        0,
        0,
        0,
        0,
        null,
        0,
        0,
        0,
        0,
        0,
        0,
        0,
        0,
        null,
        0,
        0,
        0,
        0,
        0,
        0,
        null,
        0,
        0,
        null,
        0,
        0,
        0,
        0,
        0,
        0,
        0,
        0,
        0,
        0,
        0,
        null,
        0,
        0,
        0,
        null,
        0,
        0,
        0,
        0,
        0,
        0,
        null,
        0,
        0,
        0,
        0,
        0,
        0,
        0,
        0,
        0,
        0,
        0,
        0,
        0,
        null,
        0,
        0,
        0,
        null,
        0,
        null,
        0,
        0,
        0,
        0,
        0,
        0,
        0,
        0,
        0,
        0,
        0,
        0,
        0,
        null,
        0,
        null,
        0,
        0,
        0,
        0,
        null,
        null,
        0,
        0,
        0,
        null,
        0,
        0,
        0,
        null,
        0,
        0,
        0,
        0,
        0,
        0,
        0
      ],
      "/mnt/c/Users/Chris`/Desktop Dickhead/Spring_2018_Colgate/Soft_Engi/5/cosc480-hw5-cmking54/app/jobs/application_job.rb": [
        0,
        0
      ],
      "/mnt/c/Users/Chris`/Desktop Dickhead/Spring_2018_Colgate/Soft_Engi/5/cosc480-hw5-cmking54/app/mailers/application_mailer.rb": [
        0,
        0,
        0,
        0
      ]
    },
    "timestamp": 1522292266
  },
  "Cucumber Features": {
    "coverage": {
      "/mnt/c/Users/Chris`/Desktop Dickhead/Spring_2018_Colgate/Soft_Engi/5/cosc480-hw5-cmking54/app/models/rental_property.rb": [
        1,
        1,
        null,
        1,
        1,
        null,
        1,
        8,
        8,
        null,
        null,
        null,
        null,
        null,
        null,
        null,
        8,
        1,
        1,
        1,
        null,
        null,
        8,
        null,
        null,
        1,
        18,
        0,
        null,
        null
      ],
      "/mnt/c/Users/Chris`/Desktop Dickhead/Spring_2018_Colgate/Soft_Engi/5/cosc480-hw5-cmking54/app/models/application_record.rb": [
        1,
        1,
        null
      ],
      "/mnt/c/Users/Chris`/Desktop Dickhead/Spring_2018_Colgate/Soft_Engi/5/cosc480-hw5-cmking54/app/controllers/rental_properties_controller.rb": [
        1,
        1,
        null,
        1,
        16,
        16,
        8,
        8,
        null,
        null,
        8,
        null,
        null,
        8,
        8,
        8,
        8,
        8,
        8,
        null,
        null,
        1,
        1,
        1,
        null,
        null,
        1,
        2,
        null,
        null,
        1,
        2,
        2,
        2,
        2,
        2,
        2,
        2,
        null,
        0,
        0,
        null,
        null,
        0,
        0,
        null,
        null,
        null,
        1,
        1,
        1,
        null,
        null,
        1,
        1,
        1,
        1,
        1,
        1,
        0,
        0,
        0,
        null,
        0,
        0,
        null,
        null,
        null,
        1,
        1,
        1,
        null,
        0,
        0,
        null,
        null,
        null,
        1,
        0,
        0,
        0,
        0,
        null,
        null,
        1,
        1,
        null,
        17,
        17,
        17,
        null,
        0,
        0,
        null,
        0,
        null,
        null,
        null,
        null,
        1,
        3,
        null,
        null,
        1,
        16,
        16,
        0,
        0,
        null,
        null,
        16,
        null,
        null,
        16,
        96,
        96,
        42,
        42,
        54,
        2,
        null,
        96,
        null,
        null,
        16,
        16,
        null,
        null,
        1,
        null,
        8,
        8,
        8,
        0,
        null,
        8,
        8,
        0,
        null,
        8,
        8,
        1,
        null,
        null,
        8,
        null,
        8,
        8,
        1,
        null,
        null,
        null,
        8,
        8,
        8,
        null,
        8,
        0,
        null,
        null,
        8,
        0,
        0,
        null,
        8,
        null,
        null
      ],
      "/mnt/c/Users/Chris`/Desktop Dickhead/Spring_2018_Colgate/Soft_Engi/5/cosc480-hw5-cmking54/app/controllers/application_controller.rb": [
        1,
        1,
        null
      ],
      "/mnt/c/Users/Chris`/Desktop Dickhead/Spring_2018_Colgate/Soft_Engi/5/cosc480-hw5-cmking54/app/helpers/application_helper.rb": [
        1,
        null
      ],
      "/mnt/c/Users/Chris`/Desktop Dickhead/Spring_2018_Colgate/Soft_Engi/5/cosc480-hw5-cmking54/app/channels/application_cable/channel.rb": [
        0,
        0,
        0,
        0
      ],
      "/mnt/c/Users/Chris`/Desktop Dickhead/Spring_2018_Colgate/Soft_Engi/5/cosc480-hw5-cmking54/app/channels/application_cable/connection.rb": [
        0,
        0,
        0,
        0
      ],
      "/mnt/c/Users/Chris`/Desktop Dickhead/Spring_2018_Colgate/Soft_Engi/5/cosc480-hw5-cmking54/app/jobs/application_job.rb": [
        0,
        0
      ],
      "/mnt/c/Users/Chris`/Desktop Dickhead/Spring_2018_Colgate/Soft_Engi/5/cosc480-hw5-cmking54/app/mailers/application_mailer.rb": [
        0,
        0,
        0,
        0
      ]
    },
    "timestamp": 1522292234
  }
}
