{
  "RSpec": {
    "coverage": {
      "/mnt/c/Users/Chris`/Desktop Dickhead/Spring_2018_Colgate/Soft_Engi/08/cosc480-lab8-cmking54/spec/controllers/comments_controller_spec.rb": [
        1,
        null,
        1,
        null,
        1,
        1,
        1,
        1,
        null,
        null,
        null,
        null
      ],
      "/mnt/c/Users/Chris`/Desktop Dickhead/Spring_2018_Colgate/Soft_Engi/08/cosc480-lab8-cmking54/spec/rails_helper.rb": [
        null,
        1,
        1,
        1,
        null,
        1,
        1,
        null,
        null,
        null,
        null,
        null,
        null,
        null,
        null,
        null,
        null,
        null,
        null,
        null,
        null,
        null,
        null,
        null,
        null,
        null,
        1,
        null,
        1,
        null,
        1,
        null,
        1,
        1,
        null,
        null,
        null,
        null,
        null,
        1,
        null,
        null,
        null,
        null,
        null,
        null,
        null,
        null,
        null,
        null,
        null,
        null,
        null,
        null,
        1,
        null,
        null,
        1,
        null,
        null,
        null
      ],
      "/mnt/c/Users/Chris`/Desktop Dickhead/Spring_2018_Colgate/Soft_Engi/08/cosc480-lab8-cmking54/config/environment.rb": [
        null,
        1,
        null,
        null,
        1
      ],
      "/mnt/c/Users/Chris`/Desktop Dickhead/Spring_2018_Colgate/Soft_Engi/08/cosc480-lab8-cmking54/config/application.rb": [
        1,
        null,
        1,
        null,
        1,
        1,
        1,
        1,
        1,
        1,
        1,
        1,
        null,
        null,
        null,
        null,
        1,
        null,
        1,
        1,
        null,
        1,
        null,
        null,
        null,
        null,
        null,
        null,
        1,
        null,
        null
      ],
      "/mnt/c/Users/Chris`/Desktop Dickhead/Spring_2018_Colgate/Soft_Engi/08/cosc480-lab8-cmking54/config/boot.rb": [
        1,
        null,
        1
      ],
      "/mnt/c/Users/Chris`/Desktop Dickhead/Spring_2018_Colgate/Soft_Engi/08/cosc480-lab8-cmking54/config/environments/test.rb": [
        1,
        null,
        null,
        null,
        null,
        null,
        null,
        1,
        null,
        null,
        null,
        null,
        1,
        null,
        null,
        1,
        1,
        null,
        null,
        null,
        null,
        1,
        1,
        null,
        null,
        1,
        null,
        null,
        1,
        1,
        null,
        null,
        null,
        null,
        1,
        null,
        null,
        1,
        null,
        null,
        null,
        null
      ],
      "/mnt/c/Users/Chris`/Desktop Dickhead/Spring_2018_Colgate/Soft_Engi/08/cosc480-lab8-cmking54/config/initializers/application_controller_renderer.rb": [
        null,
        null,
        null,
        null,
        null,
        null,
        null,
        null
      ],
      "/mnt/c/Users/Chris`/Desktop Dickhead/Spring_2018_Colgate/Soft_Engi/08/cosc480-lab8-cmking54/config/initializers/assets.rb": [
        null,
        null,
        null,
        1,
        null,
        null,
        null,
        null,
        1,
        null,
        null,
        null,
        null,
        null
      ],
      "/mnt/c/Users/Chris`/Desktop Dickhead/Spring_2018_Colgate/Soft_Engi/08/cosc480-lab8-cmking54/config/initializers/backtrace_silencers.rb": [
        null,
        null,
        null,
        null,
        null,
        null,
        null
      ],
      "/mnt/c/Users/Chris`/Desktop Dickhead/Spring_2018_Colgate/Soft_Engi/08/cosc480-lab8-cmking54/config/initializers/cookies_serializer.rb": [
        null,
        null,
        null,
        null,
        1
      ],
      "/mnt/c/Users/Chris`/Desktop Dickhead/Spring_2018_Colgate/Soft_Engi/08/cosc480-lab8-cmking54/config/initializers/devise.rb": [
        null,
        null,
        null,
        null,
        1,
        null,
        null,
        null,
        null,
        null,
        null,
        null,
        null,
        null,
        null,
        null,
        1,
        null,
        null,
        null,
        null,
        null,
        null,
        null,
        null,
        null,
        null,
        null,
        1,
        null,
        null,
        null,
        null,
        null,
        null,
        null,
        null,
        null,
        1,
        null,
        null,
        null,
        null,
        null,
        null,
        null,
        null,
        null,
        null,
        null,
        1,
        null,
        null,
        null,
        null,
        1,
        null,
        null,
        null,
        null,
        null,
        null,
        null,
        null,
        null,
        null,
        null,
        null,
        null,
        null,
        null,
        null,
        null,
        null,
        null,
        null,
        null,
        null,
        null,
        null,
        null,
        null,
        null,
        null,
        null,
        null,
        1,
        null,
        null,
        null,
        null,
        null,
        null,
        null,
        null,
        null,
        null,
        null,
        null,
        null,
        null,
        null,
        null,
        null,
        null,
        null,
        null,
        null,
        null,
        1,
        null,
        null,
        null,
        null,
        null,
        null,
        null,
        null,
        null,
        null,
        null,
        null,
        null,
        null,
        null,
        null,
        null,
        null,
        null,
        null,
        null,
        null,
        null,
        null,
        null,
        null,
        null,
        null,
        null,
        null,
        1,
        null,
        null,
        null,
        null,
        null,
        null,
        null,
        null,
        null,
        1,
        null,
        null,
        null,
        null,
        null,
        null,
        null,
        null,
        null,
        null,
        1,
        null,
        null,
        null,
        null,
        1,
        null,
        null,
        null,
        null,
        null,
        null,
        null,
        null,
        null,
        null,
        null,
        null,
        null,
        null,
        null,
        null,
        null,
        null,
        null,
        null,
        null,
        null,
        null,
        null,
        null,
        null,
        null,
        null,
        null,
        null,
        null,
        null,
        null,
        null,
        null,
        null,
        null,
        null,
        null,
        null,
        1,
        null,
        null,
        null,
        null,
        null,
        null,
        null,
        null,
        null,
        null,
        null,
        null,
        null,
        null,
        null,
        null,
        null,
        null,
        null,
        null,
        null,
        null,
        null,
        null,
        null,
        null,
        null,
        null,
        null,
        null,
        null,
        null,
        null,
        null,
        null,
        null,
        null,
        null,
        null,
        null,
        null,
        1,
        null,
        null,
        null,
        null,
        null,
        null,
        null,
        null,
        null,
        null,
        null,
        null,
        null,
        null,
        null,
        null,
        null,
        null,
        null,
        null,
        null,
        null,
        null,
        null,
        null,
        null,
        null,
        null,
        null
      ],
      "/mnt/c/Users/Chris`/Desktop Dickhead/Spring_2018_Colgate/Soft_Engi/08/cosc480-lab8-cmking54/config/initializers/filter_parameter_logging.rb": [
        null,
        null,
        null,
        1
      ],
      "/mnt/c/Users/Chris`/Desktop Dickhead/Spring_2018_Colgate/Soft_Engi/08/cosc480-lab8-cmking54/config/initializers/geocoder.rb": [
        1,
        null,
        null,
        null,
        null,
        null,
        null,
        null,
        null,
        null,
        null,
        null,
        null,
        null,
        null,
        null,
        null,
        null,
        null,
        null,
        null,
        null
      ],
      "/mnt/c/Users/Chris`/Desktop Dickhead/Spring_2018_Colgate/Soft_Engi/08/cosc480-lab8-cmking54/config/initializers/inflections.rb": [
        null,
        null,
        null,
        null,
        null,
        null,
        null,
        null,
        null,
        null,
        null,
        null,
        null,
        null,
        null,
        null
      ],
      "/mnt/c/Users/Chris`/Desktop Dickhead/Spring_2018_Colgate/Soft_Engi/08/cosc480-lab8-cmking54/config/initializers/mime_types.rb": [
        null,
        null,
        null,
        null
      ],
      "/mnt/c/Users/Chris`/Desktop Dickhead/Spring_2018_Colgate/Soft_Engi/08/cosc480-lab8-cmking54/config/initializers/wrap_parameters.rb": [
        null,
        null,
        null,
        null,
        null,
        null,
        1,
        2,
        null,
        null,
        null,
        null,
        null,
        null
      ],
      "/mnt/c/Users/Chris`/Desktop Dickhead/Spring_2018_Colgate/Soft_Engi/08/cosc480-lab8-cmking54/config/routes.rb": [
        1,
        1,
        null,
        1,
        null,
        1,
        1,
        null,
        1,
        1,
        1,
        null
      ],
      "/mnt/c/Users/Chris`/Desktop Dickhead/Spring_2018_Colgate/Soft_Engi/08/cosc480-lab8-cmking54/app/models/user.rb": [
        1,
        null,
        null,
        1,
        null,
        1,
        1,
        1,
        1,
        1,
        null,
        1,
        null,
        1,
        0,
        0,
        0,
        0,
        0,
        null,
        null,
        null,
        1,
        7,
        0,
        null,
        null,
        null
      ],
      "/mnt/c/Users/Chris`/Desktop Dickhead/Spring_2018_Colgate/Soft_Engi/08/cosc480-lab8-cmking54/app/models/application_record.rb": [
        1,
        1,
        null
      ],
      "/mnt/c/Users/Chris`/Desktop Dickhead/Spring_2018_Colgate/Soft_Engi/08/cosc480-lab8-cmking54/app/helpers/application_helper.rb": [
        1,
        null
      ],
      "/mnt/c/Users/Chris`/Desktop Dickhead/Spring_2018_Colgate/Soft_Engi/08/cosc480-lab8-cmking54/app/helpers/comments_helper.rb": [
        1,
        null
      ],
      "/mnt/c/Users/Chris`/Desktop Dickhead/Spring_2018_Colgate/Soft_Engi/08/cosc480-lab8-cmking54/app/helpers/sights_helper.rb": [
        1,
        1,
        0,
        0,
        null,
        0,
        null,
        null,
        null
      ],
      "/mnt/c/Users/Chris`/Desktop Dickhead/Spring_2018_Colgate/Soft_Engi/08/cosc480-lab8-cmking54/app/controllers/comments_controller.rb": [
        1,
        1,
        1,
        1,
        0,
        0,
        null,
        1,
        1,
        null,
        0,
        0,
        0,
        null,
        0,
        null,
        null,
        1,
        1,
        0,
        null,
        null
      ],
      "/mnt/c/Users/Chris`/Desktop Dickhead/Spring_2018_Colgate/Soft_Engi/08/cosc480-lab8-cmking54/app/controllers/application_controller.rb": [
        1,
        1,
        1,
        null,
        null,
        1,
        1,
        0,
        0,
        0,
        null,
        null
      ],
      "/mnt/c/Users/Chris`/Desktop Dickhead/Spring_2018_Colgate/Soft_Engi/08/cosc480-lab8-cmking54/spec/controllers/sights_controller_spec.rb": [
        1,
        null,
        1,
        null,
        1,
        1,
        1,
        1,
        null,
        null,
        1,
        1,
        1,
        1,
        1,
        1,
        null,
        1,
        1,
        1,
        1,
        1,
        null,
        1,
        1,
        null,
        null,
        null,
        1,
        1,
        1,
        1,
        1,
        null,
        null,
        1,
        1,
        1,
        1,
        1,
        null,
        null,
        null,
        null
      ],
      "/mnt/c/Users/Chris`/Desktop Dickhead/Spring_2018_Colgate/Soft_Engi/08/cosc480-lab8-cmking54/app/controllers/sights_controller.rb": [
        1,
        1,
        null,
        2,
        null,
        null,
        1,
        2,
        2,
        1,
        1,
        1,
        1,
        1,
        1,
        null,
        null,
        null
      ],
      "/mnt/c/Users/Chris`/Desktop Dickhead/Spring_2018_Colgate/Soft_Engi/08/cosc480-lab8-cmking54/spec/controllers/up_down_votes_controller_spec.rb": [
        1,
        null,
        1,
        1,
        1,
        1,
        1,
        1,
        1,
        null,
        null,
        1,
        1,
        1,
        1,
        1,
        1,
        1,
        1,
        1,
        1,
        null,
        null,
        1,
        1,
        1,
        1,
        1,
        1,
        1,
        1,
        1,
        1,
        null,
        null,
        1,
        1,
        1,
        1,
        1,
        null,
        null
      ],
      "/mnt/c/Users/Chris`/Desktop Dickhead/Spring_2018_Colgate/Soft_Engi/08/cosc480-lab8-cmking54/app/controllers/up_down_votes_controller.rb": [
        1,
        1,
        null,
        1,
        2,
        null,
        null,
        1,
        1,
        null,
        null,
        1,
        1,
        3,
        3,
        null,
        1,
        1,
        null,
        2,
        2,
        2,
        2,
        2,
        null,
        2,
        0,
        null,
        null,
        null,
        null
      ],
      "/mnt/c/Users/Chris`/Desktop Dickhead/Spring_2018_Colgate/Soft_Engi/08/cosc480-lab8-cmking54/spec/helpers/comments_helper_spec.rb": [
        1,
        null,
        null,
        null,
        null,
        null,
        null,
        null,
        null,
        null,
        null,
        null,
        1,
        1,
        null
      ],
      "/mnt/c/Users/Chris`/Desktop Dickhead/Spring_2018_Colgate/Soft_Engi/08/cosc480-lab8-cmking54/spec/models/comment_spec.rb": [
        1,
        null,
        1,
        1,
        null
      ],
      "/mnt/c/Users/Chris`/Desktop Dickhead/Spring_2018_Colgate/Soft_Engi/08/cosc480-lab8-cmking54/app/models/comment.rb": [
        1,
        1,
        1,
        null
      ],
      "/mnt/c/Users/Chris`/Desktop Dickhead/Spring_2018_Colgate/Soft_Engi/08/cosc480-lab8-cmking54/spec/models/sight_spec.rb": [
        1,
        null,
        1,
        null,
        1,
        1,
        1,
        1,
        1,
        null,
        null,
        1,
        1,
        1,
        1,
        1,
        1,
        1,
        null,
        null,
        1,
        1,
        1,
        1,
        1,
        1,
        1,
        null,
        null,
        null
      ],
      "/mnt/c/Users/Chris`/Desktop Dickhead/Spring_2018_Colgate/Soft_Engi/08/cosc480-lab8-cmking54/app/models/sight.rb": [
        1,
        1,
        1,
        1,
        1,
        3,
        3,
        null,
        1,
        8,
        null,
        null,
        1,
        8,
        null,
        null,
        1,
        0,
        null,
        null
      ],
      "/mnt/c/Users/Chris`/Desktop Dickhead/Spring_2018_Colgate/Soft_Engi/08/cosc480-lab8-cmking54/spec/views/comments/create.html.haml_spec.rb": [
        1,
        null,
        1,
        1,
        null
      ],
      "/mnt/c/Users/Chris`/Desktop Dickhead/Spring_2018_Colgate/Soft_Engi/08/cosc480-lab8-cmking54/app/models/up_down_vote.rb": [
        1,
        1,
        1,
        null
      ]
    },
    "timestamp": 1524255322
  }
}
