{
  "RSpec": {
    "coverage": {
      "/Users/jsommers/Dropbox/classes/cosc480/lab/lab6/config/environment.rb": [
        null,
        1,
        null,
        null,
        1
      ],
      "/Users/jsommers/Dropbox/classes/cosc480/lab/lab6/config/application.rb": [
        1,
        null,
        1,
        null,
        1,
        1,
        1,
        1,
        1,
        1,
        1,
        1,
        null,
        null,
        null,
        null,
        1,
        null,
        1,
        1,
        null,
        1,
        null,
        null,
        null,
        null,
        null,
        null,
        1,
        null,
        null
      ],
      "/Users/jsommers/Dropbox/classes/cosc480/lab/lab6/config/boot.rb": [
        1,
        null,
        1
      ],
      "/Users/jsommers/Dropbox/classes/cosc480/lab/lab6/config/environments/test.rb": [
        1,
        null,
        null,
        null,
        null,
        null,
        null,
        1,
        null,
        null,
        null,
        null,
        1,
        null,
        null,
        1,
        1,
        null,
        null,
        null,
        null,
        1,
        1,
        null,
        null,
        1,
        null,
        null,
        1,
        1,
        null,
        null,
        null,
        null,
        1,
        null,
        null,
        1,
        null,
        null,
        null,
        null
      ],
      "/Users/jsommers/Dropbox/classes/cosc480/lab/lab6/config/initializers/application_controller_renderer.rb": [
        null,
        null,
        null,
        null,
        null,
        null,
        null,
        null
      ],
      "/Users/jsommers/Dropbox/classes/cosc480/lab/lab6/config/initializers/assets.rb": [
        null,
        null,
        null,
        1,
        null,
        null,
        null,
        null,
        1,
        null,
        null,
        null,
        null,
        null
      ],
      "/Users/jsommers/Dropbox/classes/cosc480/lab/lab6/config/initializers/backtrace_silencers.rb": [
        null,
        null,
        null,
        null,
        null,
        null,
        null
      ],
      "/Users/jsommers/Dropbox/classes/cosc480/lab/lab6/config/initializers/cookies_serializer.rb": [
        null,
        null,
        null,
        null,
        1
      ],
      "/Users/jsommers/Dropbox/classes/cosc480/lab/lab6/config/initializers/filter_parameter_logging.rb": [
        null,
        null,
        null,
        1
      ],
      "/Users/jsommers/Dropbox/classes/cosc480/lab/lab6/config/initializers/inflections.rb": [
        null,
        null,
        null,
        null,
        null,
        null,
        null,
        null,
        null,
        null,
        null,
        null,
        null,
        null,
        null,
        null
      ],
      "/Users/jsommers/Dropbox/classes/cosc480/lab/lab6/config/initializers/mime_types.rb": [
        null,
        null,
        null,
        null
      ],
      "/Users/jsommers/Dropbox/classes/cosc480/lab/lab6/config/initializers/wrap_parameters.rb": [
        null,
        null,
        null,
        null,
        null,
        null,
        1,
        2,
        null,
        null,
        null,
        null,
        null,
        null
      ],
      "/Users/jsommers/Dropbox/classes/cosc480/lab/lab6/config/routes.rb": [
        1,
        1,
        1,
        null
      ],
      "/Users/jsommers/Dropbox/classes/cosc480/lab/lab6/app/helpers/application_helper.rb": [
        1,
        null
      ],
      "/Users/jsommers/Dropbox/classes/cosc480/lab/lab6/app/controllers/products_controller.rb": [
        1,
        1,
        12,
        12,
        null,
        null,
        1,
        4,
        4,
        4,
        1,
        1,
        null,
        null,
        null
      ],
      "/Users/jsommers/Dropbox/classes/cosc480/lab/lab6/app/controllers/application_controller.rb": [
        1,
        1,
        null
      ],
      "/Users/jsommers/Dropbox/classes/cosc480/lab/lab6/spec/features/index_request_spec.rb": [
        1,
        null,
        1,
        2,
        2,
        null,
        1,
        4,
        4,
        4,
        4,
        null,
        4,
        null,
        null,
        1,
        1,
        5,
        1,
        null,
        null,
        1,
        1,
        1,
        5,
        1,
        null,
        null,
        1,
        1,
        1,
        5,
        1,
        null,
        null,
        1,
        1,
        1,
        5,
        1,
        null,
        null
      ],
      "/Users/jsommers/Dropbox/classes/cosc480/lab/lab6/spec/features/show_request_spec.rb": [
        1,
        null,
        1,
        1,
        3,
        3,
        null,
        3,
        null,
        null,
        1,
        1,
        1,
        null,
        null,
        1,
        1,
        1,
        1,
        1,
        1,
        1,
        null,
        null,
        1,
        1,
        1,
        1,
        1,
        1,
        1,
        null,
        null,
        null
      ],
      "/Users/jsommers/Dropbox/classes/cosc480/lab/lab6/spec/models/product_spec.rb": [
        1,
        null,
        1,
        1,
        1,
        1,
        1,
        null,
        null,
        1,
        1,
        1,
        null,
        null,
        1,
        1,
        1,
        1,
        1,
        null,
        null,
        1,
        1,
        1,
        1,
        null,
        null,
        1,
        1,
        1,
        1,
        1,
        null,
        null,
        null,
        null,
        1,
        1,
        1,
        1,
        null,
        null,
        1,
        1,
        12,
        null,
        null,
        1,
        1,
        1,
        9,
        4,
        null,
        null,
        1,
        1,
        1,
        1,
        5,
        4,
        5,
        null,
        null,
        null,
        1,
        1,
        1,
        null,
        null,
        1,
        1,
        1,
        null,
        null,
        1,
        1,
        1,
        null,
        null,
        1,
        1,
        1,
        null,
        null,
        null,
        null
      ],
      "/Users/jsommers/Dropbox/classes/cosc480/lab/lab6/app/models/product.rb": [
        1,
        1,
        40,
        40,
        40,
        12,
        null,
        28,
        null,
        null,
        null,
        1,
        33,
        22,
        11,
        null,
        11,
        null,
        null,
        11,
        null,
        null,
        null,
        1,
        14,
        14,
        14,
        1,
        null,
        14,
        14,
        null,
        null,
        null
      ],
      "/Users/jsommers/Dropbox/classes/cosc480/lab/lab6/app/models/application_record.rb": [
        1,
        1,
        null
      ]
    },
    "timestamp": 1507162524
  }
}
