{
  "RSpec": {
    "coverage": {
      "/mnt/c/Users/Chris`/Desktop Dickhead/Spring_2018_Colgate/Soft_Engi/proj/new_sus/sustainability-office/app/models/person.rb": [
        1,
        1,
        1,
        null,
        1,
        null,
        1,
        1,
        null,
        3,
        2,
        2,
        null,
        1,
        null,
        0,
        0,
        0,
        0,
        0,
        0,
        0,
        0,
        null,
        null,
        null,
        null,
        null
      ],
      "/mnt/c/Users/Chris`/Desktop Dickhead/Spring_2018_Colgate/Soft_Engi/proj/new_sus/sustainability-office/app/models/application_record.rb": [
        1,
        1,
        null
      ],
      "/mnt/c/Users/Chris`/Desktop Dickhead/Spring_2018_Colgate/Soft_Engi/proj/new_sus/sustainability-office/app/helpers/application_helper.rb": [
        1,
        1,
        0,
        0,
        null,
        null,
        null
      ],
      "/mnt/c/Users/Chris`/Desktop Dickhead/Spring_2018_Colgate/Soft_Engi/proj/new_sus/sustainability-office/app/helpers/main_helper.rb": [
        1,
        null
      ],
      "/mnt/c/Users/Chris`/Desktop Dickhead/Spring_2018_Colgate/Soft_Engi/proj/new_sus/sustainability-office/app/helpers/meetings_helper.rb": [
        1,
        null
      ],
      "/mnt/c/Users/Chris`/Desktop Dickhead/Spring_2018_Colgate/Soft_Engi/proj/new_sus/sustainability-office/app/helpers/people_helper.rb": [
        1,
        null
      ],
      "/mnt/c/Users/Chris`/Desktop Dickhead/Spring_2018_Colgate/Soft_Engi/proj/new_sus/sustainability-office/app/helpers/registrations_helper.rb": [
        1,
        null
      ],
      "/mnt/c/Users/Chris`/Desktop Dickhead/Spring_2018_Colgate/Soft_Engi/proj/new_sus/sustainability-office/app/controllers/main_controller.rb": [
        1,
        1,
        null,
        null,
        1,
        null,
        null,
        1,
        null,
        null,
        null
      ],
      "/mnt/c/Users/Chris`/Desktop Dickhead/Spring_2018_Colgate/Soft_Engi/proj/new_sus/sustainability-office/app/controllers/application_controller.rb": [
        1,
        1,
        null,
        1,
        1,
        null,
        null,
        null
      ],
      "/mnt/c/Users/Chris`/Desktop Dickhead/Spring_2018_Colgate/Soft_Engi/proj/new_sus/sustainability-office/app/controllers/meetings_controller.rb": [
        1,
        1,
        1,
        1,
        1,
        null,
        1,
        1,
        null,
        null,
        1,
        0,
        null,
        null,
        null,
        null,
        1,
        1,
        1,
        null,
        null,
        1,
        1,
        null,
        null,
        1,
        0,
        null,
        0,
        0,
        0,
        null,
        0,
        0,
        null,
        null,
        null,
        1,
        1,
        1,
        null,
        null,
        1,
        0,
        0,
        null,
        0,
        0,
        0,
        0,
        null,
        0,
        0,
        null,
        null,
        null,
        1,
        1,
        1,
        1,
        1,
        null,
        null,
        1,
        0,
        0,
        null,
        null,
        1,
        1,
        0,
        null,
        null
      ],
      "/mnt/c/Users/Chris`/Desktop Dickhead/Spring_2018_Colgate/Soft_Engi/proj/new_sus/sustainability-office/app/helpers/web_adder.rb": [
        1,
        1,
        1,
        1,
        1,
        null,
        null,
        null,
        1,
        1,
        1,
        1,
        1,
        1,
        5,
        null,
        5,
        10,
        5,
        5,
        5,
        5,
        null,
        null,
        5,
        null,
        5,
        null,
        5,
        null,
        5,
        5,
        null,
        null,
        null,
        null,
        null,
        null,
        null
      ],
      "/mnt/c/Users/Chris`/Desktop Dickhead/Spring_2018_Colgate/Soft_Engi/proj/new_sus/sustainability-office/app/controllers/people_controller.rb": [
        1,
        null,
        1,
        1,
        null,
        null,
        1,
        1,
        1,
        null,
        null,
        1,
        0,
        0,
        0,
        null,
        null,
        1,
        null,
        null,
        1,
        0,
        null,
        0,
        0,
        0,
        null,
        0,
        0,
        null,
        null,
        null,
        1,
        1,
        1,
        1,
        null,
        null,
        1,
        0,
        0,
        null,
        0,
        0,
        0,
        0,
        null,
        0,
        0,
        null,
        null,
        null,
        1,
        1,
        1,
        1,
        1,
        null,
        null,
        1,
        0,
        0,
        0,
        null,
        null,
        0,
        0,
        0,
        0,
        null,
        0,
        0,
        null,
        0,
        0,
        0,
        null,
        null,
        null,
        1,
        0,
        0,
        0,
        null,
        null,
        1,
        0,
        0,
        0,
        null,
        null,
        null,
        1,
        0,
        null,
        0,
        null,
        null,
        1,
        1,
        0,
        null,
        null
      ],
      "/mnt/c/Users/Chris`/Desktop Dickhead/Spring_2018_Colgate/Soft_Engi/proj/new_sus/sustainability-office/app/controllers/registrations_controller.rb": [
        1,
        null,
        1,
        1,
        null,
        0,
        0,
        null,
        0,
        0,
        null,
        0,
        null,
        null,
        1,
        0,
        0,
        0,
        0,
        null,
        0,
        0,
        0,
        0,
        0,
        0,
        null,
        null,
        null,
        0,
        null,
        0,
        0,
        null,
        0,
        null,
        0,
        0,
        null,
        null,
        null,
        1,
        null,
        null,
        1,
        null,
        null,
        1,
        1,
        0,
        null,
        null,
        1,
        0,
        0,
        null,
        0,
        null,
        null,
        null
      ],
      "/mnt/c/Users/Chris`/Desktop Dickhead/Spring_2018_Colgate/Soft_Engi/proj/new_sus/sustainability-office/app/models/meeting.rb": [
        1,
        1,
        1,
        null,
        1,
        1,
        1,
        1,
        null,
        1,
        null,
        null,
        null,
        null
      ],
      "/mnt/c/Users/Chris`/Desktop Dickhead/Spring_2018_Colgate/Soft_Engi/proj/new_sus/sustainability-office/app/models/registration.rb": [
        1,
        1,
        1,
        null,
        1,
        2,
        2,
        null,
        null
      ]
    },
    "timestamp": 1525419738
  }
}
