{
  "RSpec": {
    "coverage": {
      "/mnt/c/Users/Chris`/Desktop Dickhead/Spring_2018_Colgate/Soft_Engi/06/cosc480-lab6-cmking54/config/environment.rb": [
        null,
        1,
        null,
        null,
        1
      ],
      "/mnt/c/Users/Chris`/Desktop Dickhead/Spring_2018_Colgate/Soft_Engi/06/cosc480-lab6-cmking54/config/application.rb": [
        1,
        null,
        1,
        null,
        1,
        1,
        1,
        1,
        1,
        1,
        1,
        1,
        null,
        null,
        null,
        null,
        1,
        null,
        1,
        1,
        null,
        1,
        null,
        null,
        null,
        null,
        null,
        null,
        1,
        null,
        null
      ],
      "/mnt/c/Users/Chris`/Desktop Dickhead/Spring_2018_Colgate/Soft_Engi/06/cosc480-lab6-cmking54/config/boot.rb": [
        1,
        null,
        1
      ],
      "/mnt/c/Users/Chris`/Desktop Dickhead/Spring_2018_Colgate/Soft_Engi/06/cosc480-lab6-cmking54/config/environments/test.rb": [
        1,
        null,
        null,
        null,
        null,
        null,
        null,
        1,
        null,
        null,
        null,
        null,
        1,
        null,
        null,
        1,
        1,
        null,
        null,
        null,
        null,
        1,
        1,
        null,
        null,
        1,
        null,
        null,
        1,
        1,
        null,
        null,
        null,
        null,
        1,
        null,
        null,
        1,
        null,
        null,
        null,
        null
      ],
      "/mnt/c/Users/Chris`/Desktop Dickhead/Spring_2018_Colgate/Soft_Engi/06/cosc480-lab6-cmking54/config/initializers/application_controller_renderer.rb": [
        null,
        null,
        null,
        null,
        null,
        null,
        null,
        null
      ],
      "/mnt/c/Users/Chris`/Desktop Dickhead/Spring_2018_Colgate/Soft_Engi/06/cosc480-lab6-cmking54/config/initializers/assets.rb": [
        null,
        null,
        null,
        1,
        null,
        null,
        null,
        null,
        1,
        null,
        null,
        null,
        null,
        null
      ],
      "/mnt/c/Users/Chris`/Desktop Dickhead/Spring_2018_Colgate/Soft_Engi/06/cosc480-lab6-cmking54/config/initializers/backtrace_silencers.rb": [
        null,
        null,
        null,
        null,
        null,
        null,
        null
      ],
      "/mnt/c/Users/Chris`/Desktop Dickhead/Spring_2018_Colgate/Soft_Engi/06/cosc480-lab6-cmking54/config/initializers/cookies_serializer.rb": [
        null,
        null,
        null,
        null,
        1
      ],
      "/mnt/c/Users/Chris`/Desktop Dickhead/Spring_2018_Colgate/Soft_Engi/06/cosc480-lab6-cmking54/config/initializers/filter_parameter_logging.rb": [
        null,
        null,
        null,
        1
      ],
      "/mnt/c/Users/Chris`/Desktop Dickhead/Spring_2018_Colgate/Soft_Engi/06/cosc480-lab6-cmking54/config/initializers/inflections.rb": [
        null,
        null,
        null,
        null,
        null,
        null,
        null,
        null,
        null,
        null,
        null,
        null,
        null,
        null,
        null,
        null
      ],
      "/mnt/c/Users/Chris`/Desktop Dickhead/Spring_2018_Colgate/Soft_Engi/06/cosc480-lab6-cmking54/config/initializers/mime_types.rb": [
        null,
        null,
        null,
        null
      ],
      "/mnt/c/Users/Chris`/Desktop Dickhead/Spring_2018_Colgate/Soft_Engi/06/cosc480-lab6-cmking54/config/initializers/wrap_parameters.rb": [
        null,
        null,
        null,
        null,
        null,
        null,
        1,
        2,
        null,
        null,
        null,
        null,
        null,
        null
      ],
      "/mnt/c/Users/Chris`/Desktop Dickhead/Spring_2018_Colgate/Soft_Engi/06/cosc480-lab6-cmking54/config/routes.rb": [
        1,
        1,
        1,
        null
      ],
      "/mnt/c/Users/Chris`/Desktop Dickhead/Spring_2018_Colgate/Soft_Engi/06/cosc480-lab6-cmking54/app/helpers/application_helper.rb": [
        1,
        null
      ],
      "/mnt/c/Users/Chris`/Desktop Dickhead/Spring_2018_Colgate/Soft_Engi/06/cosc480-lab6-cmking54/app/controllers/products_controller.rb": [
        1,
        1,
        13,
        13,
        null,
        null,
        1,
        4,
        4,
        4,
        1,
        1,
        null,
        null,
        null
      ],
      "/mnt/c/Users/Chris`/Desktop Dickhead/Spring_2018_Colgate/Soft_Engi/06/cosc480-lab6-cmking54/app/controllers/application_controller.rb": [
        1,
        1,
        null
      ],
      "/mnt/c/Users/Chris`/Desktop Dickhead/Spring_2018_Colgate/Soft_Engi/06/cosc480-lab6-cmking54/spec/features/index_request_spec.rb": [
        1,
        null,
        1,
        2,
        2,
        null,
        1,
        5,
        5,
        5,
        5,
        5,
        5,
        5,
        5,
        5,
        null,
        5,
        null,
        null,
        1,
        1,
        5,
        1,
        null,
        null,
        1,
        1,
        1,
        5,
        1,
        null,
        null,
        1,
        1,
        1,
        5,
        1,
        null,
        null,
        1,
        1,
        1,
        5,
        1,
        null,
        null,
        1,
        1,
        5,
        1,
        1,
        1,
        null,
        null
      ],
      "/mnt/c/Users/Chris`/Desktop Dickhead/Spring_2018_Colgate/Soft_Engi/06/cosc480-lab6-cmking54/spec/features/show_request_spec.rb": [
        1,
        null,
        1,
        1,
        3,
        3,
        3,
        3,
        3,
        3,
        3,
        null,
        3,
        null,
        null,
        1,
        1,
        1,
        null,
        null,
        1,
        1,
        1,
        1,
        1,
        1,
        1,
        null,
        null,
        1,
        1,
        1,
        1,
        1,
        1,
        1,
        1,
        null,
        null,
        null
      ],
      "/mnt/c/Users/Chris`/Desktop Dickhead/Spring_2018_Colgate/Soft_Engi/06/cosc480-lab6-cmking54/spec/models/customer_spec.rb": [
        1,
        null,
        1,
        1,
        1,
        1,
        1,
        null,
        null,
        null
      ],
      "/mnt/c/Users/Chris`/Desktop Dickhead/Spring_2018_Colgate/Soft_Engi/06/cosc480-lab6-cmking54/app/models/customer.rb": [
        1,
        1,
        1,
        null
      ],
      "/mnt/c/Users/Chris`/Desktop Dickhead/Spring_2018_Colgate/Soft_Engi/06/cosc480-lab6-cmking54/app/models/application_record.rb": [
        1,
        1,
        null
      ],
      "/mnt/c/Users/Chris`/Desktop Dickhead/Spring_2018_Colgate/Soft_Engi/06/cosc480-lab6-cmking54/spec/models/product_spec.rb": [
        1,
        null,
        1,
        1,
        1,
        1,
        1,
        null,
        null,
        1,
        1,
        1,
        null,
        null,
        1,
        1,
        1,
        1,
        1,
        null,
        null,
        1,
        1,
        1,
        1,
        null,
        null,
        1,
        1,
        1,
        1,
        1,
        null,
        null,
        null,
        null,
        1,
        1,
        1,
        1,
        null,
        null,
        1,
        1,
        12,
        null,
        null,
        1,
        1,
        1,
        9,
        4,
        null,
        null,
        1,
        1,
        1,
        1,
        5,
        4,
        5,
        null,
        null,
        null,
        1,
        1,
        1,
        null,
        null,
        1,
        1,
        1,
        null,
        null,
        1,
        1,
        1,
        null,
        null,
        1,
        1,
        1,
        null,
        null,
        null,
        1,
        1,
        1,
        1,
        null,
        null,
        1,
        1,
        1,
        1,
        null,
        1,
        1,
        null,
        1,
        1,
        null,
        1,
        1,
        null,
        null,
        null,
        1,
        1,
        1,
        1,
        null,
        null,
        1,
        1,
        1,
        null,
        null,
        null,
        1,
        1,
        1,
        null,
        null,
        null,
        1,
        1,
        1,
        1,
        1,
        1,
        1,
        1,
        1,
        1,
        1,
        1,
        null,
        1,
        1,
        1,
        1,
        1,
        1,
        1,
        1,
        null,
        1,
        1,
        1,
        1,
        1,
        null,
        null,
        null
      ],
      "/mnt/c/Users/Chris`/Desktop Dickhead/Spring_2018_Colgate/Soft_Engi/06/cosc480-lab6-cmking54/app/models/product.rb": [
        1,
        1,
        1,
        6,
        1,
        44,
        44,
        44,
        13,
        null,
        31,
        null,
        null,
        null,
        1,
        33,
        22,
        11,
        null,
        11,
        null,
        null,
        11,
        null,
        null,
        null,
        1,
        15,
        15,
        15,
        1,
        null,
        15,
        15,
        null,
        null,
        1,
        66,
        null,
        null
      ],
      "/mnt/c/Users/Chris`/Desktop Dickhead/Spring_2018_Colgate/Soft_Engi/06/cosc480-lab6-cmking54/spec/models/review_spec.rb": [
        1,
        null,
        1,
        1,
        1,
        1,
        1,
        1,
        null,
        null,
        1,
        1,
        1,
        1,
        null,
        null,
        null
      ],
      "/mnt/c/Users/Chris`/Desktop Dickhead/Spring_2018_Colgate/Soft_Engi/06/cosc480-lab6-cmking54/app/models/review.rb": [
        1,
        1,
        1,
        null
      ]
    },
    "timestamp": 1522440470
  }
}
